{
  "stats": {
    "suites": 1,
    "tests": 2,
    "passes": 2,
    "pending": 0,
    "failures": 0,
    "start": "2024-01-20T16:41:32.914Z",
    "end": "2024-01-20T16:41:34.781Z",
    "duration": 1867,
    "testsRegistered": 2,
    "passPercent": 100,
    "pendingPercent": 0,
    "other": 0,
    "hasOther": false,
    "skipped": 0,
    "hasSkipped": false
  },
  "results": [
    {
      "uuid": "55dc2808-1248-4a56-b9a9-36967379b80b",
      "title": "",
      "fullFile": "D:\\A\\Belajar Semuanya\\Quality Assurance\\First Testing\\first-api-testing\\test\\api\\chaiAssert.js",
      "file": "\\test\\api\\chaiAssert.js",
      "beforeHooks": [],
      "afterHooks": [],
      "tests": [],
      "suites": [
        {
          "uuid": "dd176be8-3194-4176-b1bd-7e2af2e22ac8",
          "title": "Post Response Example",
          "fullFile": "D:\\A\\Belajar Semuanya\\Quality Assurance\\First Testing\\first-api-testing\\test\\api\\chaiAssert.js",
          "file": "\\test\\api\\chaiAssert.js",
          "beforeHooks": [],
          "afterHooks": [],
          "tests": [
            {
              "title": "Success 200",
              "fullTitle": "Post Response Example Success 200",
              "timedOut": false,
              "duration": 1853,
              "state": "passed",
              "speed": "slow",
              "pass": true,
              "fail": false,
              "pending": false,
              "context": null,
              "code": "//check apakah status response nya 200\nexpect((await response).status).to.equal(200);",
              "err": {},
              "uuid": "02b0e5ab-d8f5-42ec-84b6-cd75b0876d2a",
              "parentUUID": "dd176be8-3194-4176-b1bd-7e2af2e22ac8",
              "isHook": false,
              "skipped": false
            },
            {
              "title": "Response have message",
              "fullTitle": "Post Response Example Response have message",
              "timedOut": false,
              "duration": 2,
              "state": "passed",
              "speed": "fast",
              "pass": true,
              "fail": false,
              "pending": false,
              "context": null,
              "code": "//check apakah status response nya 200\nexpect((await response).body).to.haveOwnProperty(\"message\");",
              "err": {},
              "uuid": "de415338-81dd-470b-b689-08bec5d99271",
              "parentUUID": "dd176be8-3194-4176-b1bd-7e2af2e22ac8",
              "isHook": false,
              "skipped": false
            }
          ],
          "suites": [],
          "passes": [
            "02b0e5ab-d8f5-42ec-84b6-cd75b0876d2a",
            "de415338-81dd-470b-b689-08bec5d99271"
          ],
          "failures": [],
          "pending": [],
          "skipped": [],
          "duration": 1855,
          "root": false,
          "rootEmpty": false,
          "_timeout": 2000
        }
      ],
      "passes": [],
      "failures": [],
      "pending": [],
      "skipped": [],
      "duration": 0,
      "root": true,
      "rootEmpty": true,
      "_timeout": 2000
    }
  ],
  "meta": {
    "mocha": {
      "version": "10.2.0"
    },
    "mochawesome": {
      "options": {
        "quiet": false,
        "reportFilename": "mochawesome",
        "saveHtml": true,
        "saveJson": true,
        "consoleReporter": "spec",
        "useInlineDiffs": false,
        "code": true
      },
      "version": "7.1.3"
    },
    "marge": {
      "options": null,
      "version": "6.2.0"
    }
  }
}